<?xml version="1.0" encoding="UTF-8"?>
<!-- Generated by org.testng.reporters.JUnitReportReporter -->
<testsuite hostname="DESKTOP-6BF1I8Q" failures="0" tests="3" name="Tests.TC005_SelectProductfromChandeliers" time="45.637" errors="0" timestamp="2021-05-18T12:42:58 IST" skipped="0">
  <testcase classname="Tests.TC005_SelectProductfromChandeliers" name="Login" time="13.659"/>
  <system-out/>
  <testcase classname="Tests.TC005_SelectProductfromChandeliers" name="SelectCeilinglights" time="11.534"/>
  <system-out/>
  <testcase classname="Tests.TC005_SelectProductfromChandeliers" name="SelectProduct" time="20.444"/>
  <system-out/>
</testsuite> <!-- Tests.TC005_SelectProductfromChandeliers -->
