<?xml version="1.0" encoding="UTF-8"?>
<!-- Generated by org.testng.reporters.JUnitReportReporter -->
<testsuite hostname="DESKTOP-6BF1I8Q" failures="0" tests="2" name="Tests.TC004_SelectCeilingLights" time="23.495" errors="0" timestamp="2021-05-18T12:42:58 IST" skipped="0">
  <testcase classname="Tests.TC004_SelectCeilingLights" name="Login" time="13.548"/>
  <system-out/>
  <testcase classname="Tests.TC004_SelectCeilingLights" name="SelectCeilinglights" time="9.947"/>
  <system-out/>
</testsuite> <!-- Tests.TC004_SelectCeilingLights -->
