<?xml version="1.0" encoding="UTF-8"?>
<!-- Generated by org.testng.reporters.JUnitReportReporter -->
<testsuite hostname="DESKTOP-6BF1I8Q" failures="0" tests="1" name="Tests.TC001_AccountCreation" time="17.965" errors="0" timestamp="2021-05-18T12:42:58 IST" skipped="0">
  <testcase classname="Tests.TC001_AccountCreation" name="createAccount" time="17.965"/>
  <system-out/>
</testsuite> <!-- Tests.TC001_AccountCreation -->
