<?xml version="1.0" encoding="UTF-8"?>
<!-- Generated by org.testng.reporters.JUnitReportReporter -->
<testsuite hostname="DESKTOP-6BF1I8Q" failures="0" tests="3" name="Tests.TC006_ProductAddtocart" time="63.277" errors="0" timestamp="2021-05-18T12:42:58 IST" skipped="0">
  <testcase classname="Tests.TC006_ProductAddtocart" name="Login" time="13.468"/>
  <system-out/>
  <testcase classname="Tests.TC006_ProductAddtocart" name="SelectCeilinglights" time="12.222"/>
  <system-out/>
  <testcase classname="Tests.TC006_ProductAddtocart" name="SelectProduct" time="37.587"/>
  <system-out/>
</testsuite> <!-- Tests.TC006_ProductAddtocart -->
